<?xml version="1.0" encoding="UTF-8"?>
<testsuite xmlns:xsi="http://www.w3.org/2001/XMLSchema-instance" xsi:noNamespaceSchemaLocation="https://maven.apache.org/surefire/maven-surefire-plugin/xsd/surefire-test-report-3.0.xsd" version="3.0" name="ExtractIdentifiedClassesTest" time="1.127" tests="1" errors="0" skipped="0" failures="0">
  <properties>
    <property name="java.specification.version" value="21"/>
    <property name="sun.jnu.encoding" value="UTF-8"/>
    <property name="java.class.path" value="/Users/ahmedalsayed/Documents/word2vec/symbolsolver/target/test-classes:/Users/ahmedalsayed/Documents/word2vec/symbolsolver/target/classes:/Users/ahmedalsayed/.m2/repository/com/github/javaparser/javaparser-core/3.15.17/javaparser-core-3.15.17.jar:/Users/ahmedalsayed/.m2/repository/com/github/javaparser/javaparser-symbol-solver-core/3.15.17/javaparser-symbol-solver-core-3.15.17.jar:/Users/ahmedalsayed/.m2/repository/org/javassist/javassist/3.24.0-GA/javassist-3.24.0-GA.jar:/Users/ahmedalsayed/.m2/repository/com/google/guava/guava/27.0-jre/guava-27.0-jre.jar:/Users/ahmedalsayed/.m2/repository/com/google/guava/failureaccess/1.0/failureaccess-1.0.jar:/Users/ahmedalsayed/.m2/repository/com/google/guava/listenablefuture/9999.0-empty-to-avoid-conflict-with-guava/listenablefuture-9999.0-empty-to-avoid-conflict-with-guava.jar:/Users/ahmedalsayed/.m2/repository/com/google/code/findbugs/jsr305/3.0.2/jsr305-3.0.2.jar:/Users/ahmedalsayed/.m2/repository/org/checkerframework/checker-qual/2.5.2/checker-qual-2.5.2.jar:/Users/ahmedalsayed/.m2/repository/com/google/errorprone/error_prone_annotations/2.2.0/error_prone_annotations-2.2.0.jar:/Users/ahmedalsayed/.m2/repository/com/google/j2objc/j2objc-annotations/1.1/j2objc-annotations-1.1.jar:/Users/ahmedalsayed/.m2/repository/org/codehaus/mojo/animal-sniffer-annotations/1.17/animal-sniffer-annotations-1.17.jar:/Users/ahmedalsayed/.m2/repository/org/junit/jupiter/junit-jupiter-api/5.6.1/junit-jupiter-api-5.6.1.jar:/Users/ahmedalsayed/.m2/repository/org/apiguardian/apiguardian-api/1.1.0/apiguardian-api-1.1.0.jar:/Users/ahmedalsayed/.m2/repository/org/opentest4j/opentest4j/1.2.0/opentest4j-1.2.0.jar:/Users/ahmedalsayed/.m2/repository/org/junit/platform/junit-platform-commons/1.6.1/junit-platform-commons-1.6.1.jar:/Users/ahmedalsayed/.m2/repository/org/jgrapht/jgrapht-core/1.4.0/jgrapht-core-1.4.0.jar:/Users/ahmedalsayed/.m2/repository/org/jheaps/jheaps/0.11/jheaps-0.11.jar:/Users/ahmedalsayed/.m2/repository/edu/stanford/nlp/stanford-corenlp/4.0.0/stanford-corenlp-4.0.0.jar:/Users/ahmedalsayed/.m2/repository/com/apple/AppleJavaExtensions/1.4/AppleJavaExtensions-1.4.jar:/Users/ahmedalsayed/.m2/repository/de/jollyday/jollyday/0.4.9/jollyday-0.4.9.jar:/Users/ahmedalsayed/.m2/repository/org/apache/commons/commons-lang3/3.3.1/commons-lang3-3.3.1.jar:/Users/ahmedalsayed/.m2/repository/org/apache/lucene/lucene-queryparser/7.5.0/lucene-queryparser-7.5.0.jar:/Users/ahmedalsayed/.m2/repository/org/apache/lucene/lucene-queries/7.5.0/lucene-queries-7.5.0.jar:/Users/ahmedalsayed/.m2/repository/org/apache/lucene/lucene-sandbox/7.5.0/lucene-sandbox-7.5.0.jar:/Users/ahmedalsayed/.m2/repository/org/apache/lucene/lucene-analyzers-common/7.5.0/lucene-analyzers-common-7.5.0.jar:/Users/ahmedalsayed/.m2/repository/org/apache/lucene/lucene-core/7.5.0/lucene-core-7.5.0.jar:/Users/ahmedalsayed/.m2/repository/javax/servlet/javax.servlet-api/3.0.1/javax.servlet-api-3.0.1.jar:/Users/ahmedalsayed/.m2/repository/xom/xom/1.3.2/xom-1.3.2.jar:/Users/ahmedalsayed/.m2/repository/xml-apis/xml-apis/1.3.03/xml-apis-1.3.03.jar:/Users/ahmedalsayed/.m2/repository/xerces/xercesImpl/2.8.0/xercesImpl-2.8.0.jar:/Users/ahmedalsayed/.m2/repository/xalan/xalan/2.7.0/xalan-2.7.0.jar:/Users/ahmedalsayed/.m2/repository/joda-time/joda-time/2.10.5/joda-time-2.10.5.jar:/Users/ahmedalsayed/.m2/repository/org/ejml/ejml-core/0.38/ejml-core-0.38.jar:/Users/ahmedalsayed/.m2/repository/org/ejml/ejml-ddense/0.38/ejml-ddense-0.38.jar:/Users/ahmedalsayed/.m2/repository/org/ejml/ejml-simple/0.38/ejml-simple-0.38.jar:/Users/ahmedalsayed/.m2/repository/org/ejml/ejml-fdense/0.38/ejml-fdense-0.38.jar:/Users/ahmedalsayed/.m2/repository/org/ejml/ejml-cdense/0.38/ejml-cdense-0.38.jar:/Users/ahmedalsayed/.m2/repository/org/ejml/ejml-zdense/0.38/ejml-zdense-0.38.jar:/Users/ahmedalsayed/.m2/repository/org/ejml/ejml-dsparse/0.38/ejml-dsparse-0.38.jar:/Users/ahmedalsayed/.m2/repository/org/glassfish/javax.json/1.0.4/javax.json-1.0.4.jar:/Users/ahmedalsayed/.m2/repository/org/slf4j/slf4j-api/1.7.12/slf4j-api-1.7.12.jar:/Users/ahmedalsayed/.m2/repository/com/google/protobuf/protobuf-java/3.9.2/protobuf-java-3.9.2.jar:/Users/ahmedalsayed/.m2/repository/javax/activation/javax.activation-api/1.2.0/javax.activation-api-1.2.0.jar:/Users/ahmedalsayed/.m2/repository/javax/xml/bind/jaxb-api/2.4.0-b180830.0359/jaxb-api-2.4.0-b180830.0359.jar:/Users/ahmedalsayed/.m2/repository/com/sun/xml/bind/jaxb-core/2.3.0.1/jaxb-core-2.3.0.1.jar:/Users/ahmedalsayed/.m2/repository/com/sun/xml/bind/jaxb-impl/2.4.0-b180830.0438/jaxb-impl-2.4.0-b180830.0438.jar:/Users/ahmedalsayed/.m2/repository/edu/stanford/nlp/stanford-corenlp/4.0.0/stanford-corenlp-4.0.0-models.jar:/Users/ahmedalsayed/.m2/repository/com/google/code/gson/gson/2.8.6/gson-2.8.6.jar:/Users/ahmedalsayed/.m2/repository/org/slf4j/slf4j-simple/1.7.30/slf4j-simple-1.7.30.jar:"/>
    <property name="java.vm.vendor" value="Homebrew"/>
    <property name="sun.arch.data.model" value="64"/>
    <property name="java.vendor.url" value="https://github.com/Homebrew/homebrew-core/issues"/>
    <property name="os.name" value="Mac OS X"/>
    <property name="java.vm.specification.version" value="21"/>
    <property name="sun.java.launcher" value="SUN_STANDARD"/>
    <property name="user.country" value="AU"/>
    <property name="sun.boot.library.path" value="/opt/homebrew/Cellar/openjdk/21.0.3/libexec/openjdk.jdk/Contents/Home/lib"/>
    <property name="sun.java.command" value="/Users/ahmedalsayed/Documents/word2vec/symbolsolver/target/surefire/surefirebooter11494552921093231221.jar /Users/ahmedalsayed/Documents/word2vec/symbolsolver/target/surefire 2024-09-09T09-42-21_795-jvmRun1 surefire14411609586080250687tmp surefire_01689285195313421515tmp"/>
    <property name="http.nonProxyHosts" value="local|*.local|169.254/16|*.169.254/16"/>
    <property name="jdk.debug" value="release"/>
    <property name="test" value="ExtractIdentifiedClassesTest"/>
    <property name="surefire.test.class.path" value="/Users/ahmedalsayed/Documents/word2vec/symbolsolver/target/test-classes:/Users/ahmedalsayed/Documents/word2vec/symbolsolver/target/classes:/Users/ahmedalsayed/.m2/repository/com/github/javaparser/javaparser-core/3.15.17/javaparser-core-3.15.17.jar:/Users/ahmedalsayed/.m2/repository/com/github/javaparser/javaparser-symbol-solver-core/3.15.17/javaparser-symbol-solver-core-3.15.17.jar:/Users/ahmedalsayed/.m2/repository/org/javassist/javassist/3.24.0-GA/javassist-3.24.0-GA.jar:/Users/ahmedalsayed/.m2/repository/com/google/guava/guava/27.0-jre/guava-27.0-jre.jar:/Users/ahmedalsayed/.m2/repository/com/google/guava/failureaccess/1.0/failureaccess-1.0.jar:/Users/ahmedalsayed/.m2/repository/com/google/guava/listenablefuture/9999.0-empty-to-avoid-conflict-with-guava/listenablefuture-9999.0-empty-to-avoid-conflict-with-guava.jar:/Users/ahmedalsayed/.m2/repository/com/google/code/findbugs/jsr305/3.0.2/jsr305-3.0.2.jar:/Users/ahmedalsayed/.m2/repository/org/checkerframework/checker-qual/2.5.2/checker-qual-2.5.2.jar:/Users/ahmedalsayed/.m2/repository/com/google/errorprone/error_prone_annotations/2.2.0/error_prone_annotations-2.2.0.jar:/Users/ahmedalsayed/.m2/repository/com/google/j2objc/j2objc-annotations/1.1/j2objc-annotations-1.1.jar:/Users/ahmedalsayed/.m2/repository/org/codehaus/mojo/animal-sniffer-annotations/1.17/animal-sniffer-annotations-1.17.jar:/Users/ahmedalsayed/.m2/repository/org/junit/jupiter/junit-jupiter-api/5.6.1/junit-jupiter-api-5.6.1.jar:/Users/ahmedalsayed/.m2/repository/org/apiguardian/apiguardian-api/1.1.0/apiguardian-api-1.1.0.jar:/Users/ahmedalsayed/.m2/repository/org/opentest4j/opentest4j/1.2.0/opentest4j-1.2.0.jar:/Users/ahmedalsayed/.m2/repository/org/junit/platform/junit-platform-commons/1.6.1/junit-platform-commons-1.6.1.jar:/Users/ahmedalsayed/.m2/repository/org/jgrapht/jgrapht-core/1.4.0/jgrapht-core-1.4.0.jar:/Users/ahmedalsayed/.m2/repository/org/jheaps/jheaps/0.11/jheaps-0.11.jar:/Users/ahmedalsayed/.m2/repository/edu/stanford/nlp/stanford-corenlp/4.0.0/stanford-corenlp-4.0.0.jar:/Users/ahmedalsayed/.m2/repository/com/apple/AppleJavaExtensions/1.4/AppleJavaExtensions-1.4.jar:/Users/ahmedalsayed/.m2/repository/de/jollyday/jollyday/0.4.9/jollyday-0.4.9.jar:/Users/ahmedalsayed/.m2/repository/org/apache/commons/commons-lang3/3.3.1/commons-lang3-3.3.1.jar:/Users/ahmedalsayed/.m2/repository/org/apache/lucene/lucene-queryparser/7.5.0/lucene-queryparser-7.5.0.jar:/Users/ahmedalsayed/.m2/repository/org/apache/lucene/lucene-queries/7.5.0/lucene-queries-7.5.0.jar:/Users/ahmedalsayed/.m2/repository/org/apache/lucene/lucene-sandbox/7.5.0/lucene-sandbox-7.5.0.jar:/Users/ahmedalsayed/.m2/repository/org/apache/lucene/lucene-analyzers-common/7.5.0/lucene-analyzers-common-7.5.0.jar:/Users/ahmedalsayed/.m2/repository/org/apache/lucene/lucene-core/7.5.0/lucene-core-7.5.0.jar:/Users/ahmedalsayed/.m2/repository/javax/servlet/javax.servlet-api/3.0.1/javax.servlet-api-3.0.1.jar:/Users/ahmedalsayed/.m2/repository/xom/xom/1.3.2/xom-1.3.2.jar:/Users/ahmedalsayed/.m2/repository/xml-apis/xml-apis/1.3.03/xml-apis-1.3.03.jar:/Users/ahmedalsayed/.m2/repository/xerces/xercesImpl/2.8.0/xercesImpl-2.8.0.jar:/Users/ahmedalsayed/.m2/repository/xalan/xalan/2.7.0/xalan-2.7.0.jar:/Users/ahmedalsayed/.m2/repository/joda-time/joda-time/2.10.5/joda-time-2.10.5.jar:/Users/ahmedalsayed/.m2/repository/org/ejml/ejml-core/0.38/ejml-core-0.38.jar:/Users/ahmedalsayed/.m2/repository/org/ejml/ejml-ddense/0.38/ejml-ddense-0.38.jar:/Users/ahmedalsayed/.m2/repository/org/ejml/ejml-simple/0.38/ejml-simple-0.38.jar:/Users/ahmedalsayed/.m2/repository/org/ejml/ejml-fdense/0.38/ejml-fdense-0.38.jar:/Users/ahmedalsayed/.m2/repository/org/ejml/ejml-cdense/0.38/ejml-cdense-0.38.jar:/Users/ahmedalsayed/.m2/repository/org/ejml/ejml-zdense/0.38/ejml-zdense-0.38.jar:/Users/ahmedalsayed/.m2/repository/org/ejml/ejml-dsparse/0.38/ejml-dsparse-0.38.jar:/Users/ahmedalsayed/.m2/repository/org/glassfish/javax.json/1.0.4/javax.json-1.0.4.jar:/Users/ahmedalsayed/.m2/repository/org/slf4j/slf4j-api/1.7.12/slf4j-api-1.7.12.jar:/Users/ahmedalsayed/.m2/repository/com/google/protobuf/protobuf-java/3.9.2/protobuf-java-3.9.2.jar:/Users/ahmedalsayed/.m2/repository/javax/activation/javax.activation-api/1.2.0/javax.activation-api-1.2.0.jar:/Users/ahmedalsayed/.m2/repository/javax/xml/bind/jaxb-api/2.4.0-b180830.0359/jaxb-api-2.4.0-b180830.0359.jar:/Users/ahmedalsayed/.m2/repository/com/sun/xml/bind/jaxb-core/2.3.0.1/jaxb-core-2.3.0.1.jar:/Users/ahmedalsayed/.m2/repository/com/sun/xml/bind/jaxb-impl/2.4.0-b180830.0438/jaxb-impl-2.4.0-b180830.0438.jar:/Users/ahmedalsayed/.m2/repository/edu/stanford/nlp/stanford-corenlp/4.0.0/stanford-corenlp-4.0.0-models.jar:/Users/ahmedalsayed/.m2/repository/com/google/code/gson/gson/2.8.6/gson-2.8.6.jar:/Users/ahmedalsayed/.m2/repository/org/slf4j/slf4j-simple/1.7.30/slf4j-simple-1.7.30.jar:"/>
    <property name="sun.cpu.endian" value="little"/>
    <property name="user.home" value="/Users/ahmedalsayed"/>
    <property name="user.language" value="en"/>
    <property name="java.specification.vendor" value="Oracle Corporation"/>
    <property name="java.version.date" value="2024-04-16"/>
    <property name="java.home" value="/opt/homebrew/Cellar/openjdk/21.0.3/libexec/openjdk.jdk/Contents/Home"/>
    <property name="file.separator" value="/"/>
    <property name="basedir" value="/Users/ahmedalsayed/Documents/word2vec/symbolsolver"/>
    <property name="java.vm.compressedOopsMode" value="Zero based"/>
    <property name="line.separator" value="&#10;"/>
    <property name="java.vm.specification.vendor" value="Oracle Corporation"/>
    <property name="java.specification.name" value="Java Platform API Specification"/>
    <property name="apple.awt.application.name" value="ForkedBooter"/>
    <property name="surefire.real.class.path" value="/Users/ahmedalsayed/Documents/word2vec/symbolsolver/target/surefire/surefirebooter11494552921093231221.jar"/>
    <property name="sun.management.compiler" value="HotSpot 64-Bit Tiered Compilers"/>
    <property name="ftp.nonProxyHosts" value="local|*.local|169.254/16|*.169.254/16"/>
    <property name="java.runtime.version" value="21.0.3"/>
    <property name="user.name" value="ahmedalsayed"/>
    <property name="stdout.encoding" value="UTF-8"/>
    <property name="path.separator" value=":"/>
    <property name="os.version" value="14.4.1"/>
    <property name="java.runtime.name" value="OpenJDK Runtime Environment"/>
    <property name="file.encoding" value="UTF-8"/>
    <property name="java.vm.name" value="OpenJDK 64-Bit Server VM"/>
    <property name="java.vendor.version" value="Homebrew"/>
    <property name="localRepository" value="/Users/ahmedalsayed/.m2/repository"/>
    <property name="java.vendor.url.bug" value="https://github.com/Homebrew/homebrew-core/issues"/>
    <property name="java.io.tmpdir" value="/var/folders/zc/4r_v7w3n2x96g539x4v396qc0000gn/T/"/>
    <property name="java.version" value="21.0.3"/>
    <property name="user.dir" value="/Users/ahmedalsayed/Documents/word2vec/symbolsolver"/>
    <property name="os.arch" value="aarch64"/>
    <property name="java.vm.specification.name" value="Java Virtual Machine Specification"/>
    <property name="native.encoding" value="UTF-8"/>
    <property name="java.library.path" value="/Users/ahmedalsayed/Library/Java/Extensions:/Library/Java/Extensions:/Network/Library/Java/Extensions:/System/Library/Java/Extensions:/usr/lib/java:."/>
    <property name="java.vm.info" value="mixed mode, sharing"/>
    <property name="stderr.encoding" value="UTF-8"/>
    <property name="java.vendor" value="Homebrew"/>
    <property name="java.vm.version" value="21.0.3"/>
    <property name="sun.io.unicode.encoding" value="UnicodeBig"/>
    <property name="socksNonProxyHosts" value="local|*.local|169.254/16|*.169.254/16"/>
    <property name="java.class.version" value="65.0"/>
  </properties>
  <testcase name="parseAndExtractBulk" classname="ExtractIdentifiedClassesTest" time="1.122"/>
</testsuite>